
Commit made on Sat Oct 12 01:17:20 UTC 2024
Commit made on Sun Oct 13 01:24:29 UTC 2024
Commit made on Mon Oct 14 01:21:26 UTC 2024
Commit made on Tue Oct 15 01:20:19 UTC 2024
Commit made on Wed Oct 16 01:20:29 UTC 2024
Commit made on Thu Oct 17 01:19:39 UTC 2024
Commit made on Fri Oct 18 01:19:48 UTC 2024
Commit made on Sat Oct 19 01:18:41 UTC 2024
Commit made on Sun Oct 20 01:25:57 UTC 2024
Commit made on Mon Oct 21 01:21:32 UTC 2024
Commit made on Tue Oct 22 01:20:26 UTC 2024
Commit made on Wed Oct 23 01:19:26 UTC 2024
Commit made on Thu Oct 24 01:19:32 UTC 2024
Commit made on Fri Oct 25 01:20:17 UTC 2024
Commit made on Sat Oct 26 01:17:47 UTC 2024
Commit made on Sun Oct 27 01:25:32 UTC 2024
Commit made on Mon Oct 28 01:22:51 UTC 2024
Commit made on Tue Oct 29 01:21:34 UTC 2024
Commit made on Wed Oct 30 01:20:32 UTC 2024
Commit made on Thu Oct 31 01:21:15 UTC 2024
